<?xml version="1.0" encoding="UTF-8"?>
<!-- Generated by org.testng.reporters.JUnitXMLReporter -->
<testsuite ignored="0" hostname="DESKTOP-8FVIUIV" failures="1" tests="4" name="Default test" time="24.933" errors="0" timestamp="2022-03-02T19:42:08 EST">
  <testcase classname="dgdox.dataProvider" name="addShippermode" time="3.474"/>
  <testcase classname="dgdox.dataProvider" name="addShipperComp" time="8.086"/>
  <testcase classname="dgdox.dataProvider" name="addConsignee" time="5.741"/>
  <testcase classname="dgdox.dataProvider" name="AddShip" time="2.974">
    <failure type="org.openqa.selenium.ElementClickInterceptedException" message="element click intercepted: Element &amp;lt;button data-bb-handler=&amp;quot;success&amp;quot; type=&amp;quot;button&amp;quot; class=&amp;quot;btn btn-primary-add cpp_3pl_insert&amp;quot;&amp;gt;...&amp;lt;/button&amp;gt; is not clickable at point (555, 551). Other element would receive the click: &amp;lt;form class=&amp;quot;dgdox&amp;quot; id=&amp;quot;dgdox_product_create_form_temp&amp;quot; style=&amp;quot;width: 100%; margin: auto; margin-bottom: 1px; outline: none; box-shadow: 0 0 0 rgba(0, 0, 0, .3); font: 13px/1.55 &amp;apos;Open Sans&amp;apos;, Helvetica, Arial, sans-serif; color: #000; background: url(./images/elements/pattern20.png) repeat left top; border: 0px double #000; text-align: left;&amp;quot;&amp;gt;...&amp;lt;/form&amp;gt;
  (Session info: MicrosoftEdge=98.0.1108.62)
Build info: version: &amp;apos;4.1.1&amp;apos;, revision: &amp;apos;e8fcc2cecf&amp;apos;
System info: host: &amp;apos;DESKTOP-8FVIUIV&amp;apos;, ip: &amp;apos;192.168.2.20&amp;apos;, os.name: &amp;apos;Windows 10&amp;apos;, os.arch: &amp;apos;amd64&amp;apos;, os.version: &amp;apos;10.0&amp;apos;, java.version: &amp;apos;17&amp;apos;
Driver info: org.openqa.selenium.edge.EdgeDriver
Command: [ed05e6be831b1112138e79a22f1c5954, clickElement {id=99191347-bbe9-4019-8cc8-31cc01d9d45f}]
Capabilities {acceptInsecureCerts: false, browserName: msedge, browserVersion: 98.0.1108.62, javascriptEnabled: true, ms:edgeOptions: {debuggerAddress: localhost:57905}, msedge: {msedgedriverVersion: 98.0.1108.62 (86b4ba0c0a320..., userDataDir: C:\Users\bewit\AppData\Loca...}, networkConnectionEnabled: false, pageLoadStrategy: normal, platform: WINDOWS, platformName: WINDOWS, proxy: Proxy(), se:cdp: ws://localhost:57905/devtoo..., se:cdpVersion: 98.0.1108.62, setWindowRect: true, strictFileInteractability: false, timeouts: {implicit: 0, pageLoad: 300000, script: 30000}, unhandledPromptBehavior: dismiss and notify, webauthn:extension:credBlob: true, webauthn:extension:largeBlob: true, webauthn:virtualAuthenticators: true}
Element: [[EdgeDriver: msedge on WINDOWS (ed05e6be831b1112138e79a22f1c5954)] -&amp;gt; class: cpp_3pl_insert]
Session ID: ed05e6be831b1112138e79a22f1c5954">
      <![CDATA[org.openqa.selenium.ElementClickInterceptedException: element click intercepted: Element <button data-bb-handler="success" type="button" class="btn btn-primary-add cpp_3pl_insert">...</button> is not clickable at point (555, 551). Other element would receive the click: <form class="dgdox" id="dgdox_product_create_form_temp" style="width: 100%; margin: auto; margin-bottom: 1px; outline: none; box-shadow: 0 0 0 rgba(0, 0, 0, .3); font: 13px/1.55 'Open Sans', Helvetica, Arial, sans-serif; color: #000; background: url(./images/elements/pattern20.png) repeat left top; border: 0px double #000; text-align: left;">...</form>
  (Session info: MicrosoftEdge=98.0.1108.62)
Build info: version: '4.1.1', revision: 'e8fcc2cecf'
System info: host: 'DESKTOP-8FVIUIV', ip: '192.168.2.20', os.name: 'Windows 10', os.arch: 'amd64', os.version: '10.0', java.version: '17'
Driver info: org.openqa.selenium.edge.EdgeDriver
Command: [ed05e6be831b1112138e79a22f1c5954, clickElement {id=99191347-bbe9-4019-8cc8-31cc01d9d45f}]
Capabilities {acceptInsecureCerts: false, browserName: msedge, browserVersion: 98.0.1108.62, javascriptEnabled: true, ms:edgeOptions: {debuggerAddress: localhost:57905}, msedge: {msedgedriverVersion: 98.0.1108.62 (86b4ba0c0a320..., userDataDir: C:\Users\bewit\AppData\Loca...}, networkConnectionEnabled: false, pageLoadStrategy: normal, platform: WINDOWS, platformName: WINDOWS, proxy: Proxy(), se:cdp: ws://localhost:57905/devtoo..., se:cdpVersion: 98.0.1108.62, setWindowRect: true, strictFileInteractability: false, timeouts: {implicit: 0, pageLoad: 300000, script: 30000}, unhandledPromptBehavior: dismiss and notify, webauthn:extension:credBlob: true, webauthn:extension:largeBlob: true, webauthn:virtualAuthenticators: true}
Element: [[EdgeDriver: msedge on WINDOWS (ed05e6be831b1112138e79a22f1c5954)] -> class: cpp_3pl_insert]
Session ID: ed05e6be831b1112138e79a22f1c5954
at java.base/jdk.internal.reflect.NativeConstructorAccessorImpl.newInstance0(Native Method)
at java.base/jdk.internal.reflect.NativeConstructorAccessorImpl.newInstance(NativeConstructorAccessorImpl.java:77)
at java.base/jdk.internal.reflect.DelegatingConstructorAccessorImpl.newInstance(DelegatingConstructorAccessorImpl.java:45)
at java.base/java.lang.reflect.Constructor.newInstanceWithCaller(Constructor.java:499)
at java.base/java.lang.reflect.Constructor.newInstance(Constructor.java:480)
at org.openqa.selenium.remote.codec.w3c.W3CHttpResponseCodec.createException(W3CHttpResponseCodec.java:200)
at org.openqa.selenium.remote.codec.w3c.W3CHttpResponseCodec.decode(W3CHttpResponseCodec.java:133)
at org.openqa.selenium.remote.codec.w3c.W3CHttpResponseCodec.decode(W3CHttpResponseCodec.java:53)
at org.openqa.selenium.remote.HttpCommandExecutor.execute(HttpCommandExecutor.java:184)
at org.openqa.selenium.remote.service.DriverCommandExecutor.invokeExecute(DriverCommandExecutor.java:167)
at org.openqa.selenium.remote.service.DriverCommandExecutor.execute(DriverCommandExecutor.java:142)
at org.openqa.selenium.remote.RemoteWebDriver.execute(RemoteWebDriver.java:543)
at org.openqa.selenium.remote.RemoteWebElement.execute(RemoteWebElement.java:251)
at org.openqa.selenium.remote.RemoteWebElement.click(RemoteWebElement.java:77)
at java.base/jdk.internal.reflect.NativeMethodAccessorImpl.invoke0(Native Method)
at java.base/jdk.internal.reflect.NativeMethodAccessorImpl.invoke(NativeMethodAccessorImpl.java:77)
at java.base/jdk.internal.reflect.DelegatingMethodAccessorImpl.invoke(DelegatingMethodAccessorImpl.java:43)
at java.base/java.lang.reflect.Method.invoke(Method.java:568)
at org.openqa.selenium.support.pagefactory.internal.LocatingElementHandler.invoke(LocatingElementHandler.java:52)
at jdk.proxy2/jdk.proxy2.$Proxy16.click(Unknown Source)
at dgdox.dataProvider.AddShip(dataProvider.java:279)
at java.base/jdk.internal.reflect.NativeMethodAccessorImpl.invoke0(Native Method)
at java.base/jdk.internal.reflect.NativeMethodAccessorImpl.invoke(NativeMethodAccessorImpl.java:77)
at java.base/jdk.internal.reflect.DelegatingMethodAccessorImpl.invoke(DelegatingMethodAccessorImpl.java:43)
at java.base/java.lang.reflect.Method.invoke(Method.java:568)
at org.testng.internal.MethodInvocationHelper.invokeMethod(MethodInvocationHelper.java:133)
at org.testng.internal.TestInvoker.invokeMethod(TestInvoker.java:598)
at org.testng.internal.TestInvoker.invokeTestMethod(TestInvoker.java:173)
at org.testng.internal.MethodRunner.runInSequence(MethodRunner.java:46)
at org.testng.internal.TestInvoker$MethodInvocationAgent.invoke(TestInvoker.java:824)
at org.testng.internal.TestInvoker.invokeTestMethods(TestInvoker.java:146)
at org.testng.internal.TestMethodWorker.invokeTestMethods(TestMethodWorker.java:146)
at org.testng.internal.TestMethodWorker.run(TestMethodWorker.java:128)
at java.base/java.util.ArrayList.forEach(ArrayList.java:1511)
at org.testng.TestRunner.privateRun(TestRunner.java:794)
at org.testng.TestRunner.run(TestRunner.java:596)
at org.testng.SuiteRunner.runTest(SuiteRunner.java:377)
at org.testng.SuiteRunner.runSequentially(SuiteRunner.java:371)
at org.testng.SuiteRunner.privateRun(SuiteRunner.java:332)
at org.testng.SuiteRunner.run(SuiteRunner.java:276)
at org.testng.SuiteRunnerWorker.runSuite(SuiteRunnerWorker.java:53)
at org.testng.SuiteRunnerWorker.run(SuiteRunnerWorker.java:96)
at org.testng.TestNG.runSuitesSequentially(TestNG.java:1212)
at org.testng.TestNG.runSuitesLocally(TestNG.java:1134)
at org.testng.TestNG.runSuites(TestNG.java:1063)
at org.testng.TestNG.run(TestNG.java:1031)
at org.testng.remote.AbstractRemoteTestNG.run(AbstractRemoteTestNG.java:115)
at org.testng.remote.RemoteTestNG.initAndRun(RemoteTestNG.java:251)
at org.testng.remote.RemoteTestNG.main(RemoteTestNG.java:77)
]]>
    </failure>
  </testcase> <!-- AddShip -->
</testsuite> <!-- Default test -->
